<?xml version="1.0" encoding="UTF-8"?>
<testng-results ignored="0" total="1" passed="1" failed="0" skipped="0">
  <reporter-output>
  </reporter-output>
  <suite started-at="2023-04-23T07:27:13 IST" name="Default suite" finished-at="2023-04-23T07:27:18 IST" duration-ms="5093">
    <groups>
    </groups>
    <test started-at="2023-04-23T07:27:13 IST" name="Default test" finished-at="2023-04-23T07:27:18 IST" duration-ms="5093">
      <class name="FramewORK.ScreenShot">
        <test-method signature="method()[pri:0, instance:FramewORK.ScreenShot@a2431d0]" started-at="2023-04-23T07:27:13 IST" name="method" finished-at="2023-04-23T07:27:18 IST" duration-ms="5053" status="PASS">
          <reporter-output>
          </reporter-output>
        </test-method> <!-- method -->
      </class> <!-- FramewORK.ScreenShot -->
    </test> <!-- Default test -->
  </suite> <!-- Default suite -->
</testng-results>
